<?xml version="1.0" encoding="UTF-8"?>
<testsuite xmlns:xsi="http://www.w3.org/2001/XMLSchema-instance" xsi:noNamespaceSchemaLocation="https://maven.apache.org/surefire/maven-surefire-plugin/xsd/surefire-test-report-3.0.xsd" version="3.0" name="com.jdc.bot.model.DictionaryTest" time="0.064" tests="22" errors="0" skipped="0" failures="0">
  <properties>
[...]
</properties>
  <testcase name="test_register(String, String, int)[1]" classname="com.jdc.bot.model.DictionaryTest" time="0.015"/>
  <testcase name="test_register(String, String, int)[2]" classname="com.jdc.bot.model.DictionaryTest" time="0.001"/>
  <testcase name="test_register(String, String, int)[3]" classname="com.jdc.bot.model.DictionaryTest" time="0.0"/>
  <testcase name="test_register(String, String, int)[4]" classname="com.jdc.bot.model.DictionaryTest" time="0.0"/>
  <testcase name="test_register(String, String, int)[5]" classname="com.jdc.bot.model.DictionaryTest" time="0.0"/>
  <testcase name="test_register(String, String, int)[6]" classname="com.jdc.bot.model.DictionaryTest" time="0.001"/>
  <testcase name="test_register(String, String, int)[7]" classname="com.jdc.bot.model.DictionaryTest" time="0.001"/>
  <testcase name="test_register(String, String, int)[8]" classname="com.jdc.bot.model.DictionaryTest" time="0.001"/>
  <testcase name="test_register(String, String, int)[9]" classname="com.jdc.bot.model.DictionaryTest" time="0.001"/>
  <testcase name="test_register(String, String, int)[10]" classname="com.jdc.bot.model.DictionaryTest" time="0.001"/>
  <testcase name="test_search(String, String)[1]" classname="com.jdc.bot.model.DictionaryTest" time="0.002"/>
  <testcase name="test_search(String, String)[2]" classname="com.jdc.bot.model.DictionaryTest" time="0.0"/>
  <testcase name="test_search(String, String)[3]" classname="com.jdc.bot.model.DictionaryTest" time="0.0"/>
  <testcase name="test_search(String, String)[4]" classname="com.jdc.bot.model.DictionaryTest" time="0.0"/>
  <testcase name="test_search(String, String)[5]" classname="com.jdc.bot.model.DictionaryTest" time="0.0"/>
  <testcase name="test_search(String, String)[6]" classname="com.jdc.bot.model.DictionaryTest" time="0.001"/>
  <testcase name="test_search(String, String)[7]" classname="com.jdc.bot.model.DictionaryTest" time="0.0"/>
  <testcase name="test_search(String, String)[8]" classname="com.jdc.bot.model.DictionaryTest" time="0.0"/>
  <testcase name="test_search(String, String)[9]" classname="com.jdc.bot.model.DictionaryTest" time="0.001"/>
  <testcase name="test_search(String, String)[10]" classname="com.jdc.bot.model.DictionaryTest" time="0.0"/>
  <testcase name="test_search_not_found(String)[1]" classname="com.jdc.bot.model.DictionaryTest" time="0.0"/>
  <testcase name="test_search_not_found(String)[2]" classname="com.jdc.bot.model.DictionaryTest" time="0.0"/>
</testsuite>