<?xml version="1.0" encoding="UTF-8"?>
<testsuite xmlns:xsi="http://www.w3.org/2001/XMLSchema-instance" xsi:noNamespaceSchemaLocation="https://maven.apache.org/surefire/maven-surefire-plugin/xsd/surefire-test-report-3.0.xsd" version="3.0" name="com.jdc.online.domain.MinMaxValidationTest" time="0.016" tests="4" errors="0" skipped="0" failures="0">
  <properties>
[...]
</properties>
  <testcase name="test_fail(byte, short, int, long)[1]" classname="com.jdc.online.domain.MinMaxValidationTest" time="0.009"/>
  <testcase name="test_fail(byte, short, int, long)[2]" classname="com.jdc.online.domain.MinMaxValidationTest" time="0.001"/>
  <testcase name="test_success(byte, short, int, long)[1]" classname="com.jdc.online.domain.MinMaxValidationTest" time="0.001"/>
  <testcase name="test_success(byte, short, int, long)[2]" classname="com.jdc.online.domain.MinMaxValidationTest" time="0.001"/>
</testsuite>